<?xml version="1.0" encoding="UTF-8"?>
<!-- Generated by org.testng.reporters.JUnitReportReporter -->
<testsuite hostname="FBL-007L3305859" failures="0" tests="1" name="com.orange.hrm.test.LoginTest" time="2.038" errors="0" timestamp="2025-01-13T16:51:54 IST" skipped="0">
  <testcase classname="com.orange.hrm.test.LoginTest" name="loginWithValidUserNameAndValidPassword" time="2.038"/>
</testsuite> <!-- com.orange.hrm.test.LoginTest -->
