<?xml version="1.0" encoding="UTF-8"?>
<!-- Generated by org.testng.reporters.JUnitReportReporter -->
<testsuite hostname="FBL-007L3305859" failures="0" tests="1" name="testng.demo.parametersdemo" time="16.792" errors="0" timestamp="2025-01-10T16:55:55 IST" skipped="0">
  <testcase classname="testng.demo.parametersdemo" name="loginToApplication" time="16.792"/>
</testsuite> <!-- testng.demo.parametersdemo -->
