<?xml version="1.0" encoding="UTF-8"?>
<!-- Generated by org.testng.reporters.JUnitReportReporter -->
<testsuite hostname="FBL-007L3305859" failures="0" tests="1" name="testng.demo.browser" time="4.118" errors="0" timestamp="2025-01-10T11:35:54 IST" skipped="0">
  <testcase classname="testng.demo.browser" name="brwser" time="4.118"/>
</testsuite> <!-- testng.demo.browser -->
