<?xml version="1.0" encoding="UTF-8"?>
<!-- Generated by org.testng.reporters.JUnitReportReporter -->
<testsuite hostname="FBL-007L3305859" failures="0" tests="1" name="testng.demo.Multipleclass" time="8.890" errors="0" timestamp="2025-01-10T16:35:25 IST" skipped="0">
  <testcase classname="testng.demo.Multipleclass" name="time" time="8.890"/>
</testsuite> <!-- testng.demo.Multipleclass -->
