<?xml version="1.0" encoding="UTF-8"?>
<!-- Generated by org.testng.reporters.JUnitReportReporter -->
<testsuite hostname="FBL-007L3305859" failures="0" tests="1" name="testng.demo.signup" time="0.010" errors="0" timestamp="2025-01-10T18:49:30 IST" skipped="0">
  <testcase classname="testng.demo.signup" name="creteaccount" time="0.010"/>
</testsuite> <!-- testng.demo.signup -->
