<?xml version="1.0" encoding="UTF-8"?>
<!-- Generated by org.testng.reporters.JUnitReportReporter -->
<testsuite hostname="FBL-007L3305859" failures="0" tests="4" name="Listener.demo.Ilistner" time="41.453" errors="0" timestamp="2025-01-17T18:31:25 IST" skipped="0">
  <testcase classname="Listener.demo.Ilistner" name="testAdmin" time="7.672"/>
  <testcase classname="Listener.demo.Ilistner" name="loginToApplication" time="29.693"/>
  <testcase classname="Listener.demo.Ilistner" name="logout" time="3.677"/>
  <testcase classname="Listener.demo.Ilistner" name="webclose" time="0.411"/>
</testsuite> <!-- Listener.demo.Ilistner -->
