<?xml version="1.0" encoding="UTF-8"?>
<!-- Generated by org.testng.reporters.JUnitReportReporter -->
<testsuite hostname="FBL-007L3305859" failures="0" tests="1" name="com.orange.hrm.test.HomePageTest" time="1.848" errors="0" timestamp="2025-01-13T16:51:54 IST" skipped="0">
  <testcase classname="com.orange.hrm.test.HomePageTest" name="logout" time="1.848"/>
</testsuite> <!-- com.orange.hrm.test.HomePageTest -->
