<?xml version="1.0" encoding="UTF-8"?>
<!-- Generated by org.testng.reporters.JUnitReportReporter -->
<testsuite hostname="FBL-007L3305859" failures="0" tests="2" name="testng.demo.Dependencworange" time="20.366" errors="0" timestamp="2025-01-10T19:14:55 IST" skipped="0">
  <testcase classname="testng.demo.Dependencworange" name="loginToApplication" time="17.566"/>
  <testcase classname="testng.demo.Dependencworange" name="searchLeave" time="2.800"/>
</testsuite> <!-- testng.demo.Dependencworange -->
