<?xml version="1.0" encoding="UTF-8"?>
<!-- Generated by org.testng.reporters.JUnitReportReporter -->
<testsuite hostname="FBL-007L3305859" failures="0" tests="2" name="annotationDemo.methodsdemo" time="0.023" errors="0" timestamp="2025-01-11T19:14:37 IST" skipped="0">
  <testcase classname="annotationDemo.methodsdemo" name="Addcart" time="0.014"/>
  <testcase classname="annotationDemo.methodsdemo" name="Removecart" time="0.009"/>
</testsuite> <!-- annotationDemo.methodsdemo -->
