<?xml version="1.0" encoding="UTF-8"?>
<!-- Generated by org.testng.reporters.JUnitReportReporter -->
<testsuite hostname="FBL-007L3305859" failures="0" tests="2" name="testng.demo.Groupdemo" time="0.003" errors="0" timestamp="2025-01-10T18:49:30 IST" skipped="0">
  <testcase classname="testng.demo.Groupdemo" name="reset_2" time="0.001"/>
  <testcase classname="testng.demo.Groupdemo" name="login_1" time="0.002"/>
</testsuite> <!-- testng.demo.Groupdemo -->
