<?xml version="1.0" encoding="UTF-8"?>
<!-- Generated by org.testng.reporters.JUnitReportReporter -->
<testsuite hostname="FBL-007L3305859" failures="0" tests="2" name="testng.demo.dataannotation" time="23.695" errors="0" timestamp="2025-01-10T17:31:07 IST" skipped="0">
  <testcase classname="testng.demo.dataannotation" name="loginToApplication" time="12.268"/>
  <testcase classname="testng.demo.dataannotation" name="loginToApplication" time="11.427"/>
</testsuite> <!-- testng.demo.dataannotation -->
