<?xml version="1.0" encoding="UTF-8"?>
<!-- Generated by org.testng.reporters.JUnitReportReporter -->
<testsuite hostname="FBL-007L3305859" failures="0" tests="2" name="testng.demo.dependsdemo" time="0.018" errors="0" timestamp="2025-01-10T19:06:22 IST" skipped="0">
  <testcase classname="testng.demo.dependsdemo" name="Leaveapprove" time="0.002"/>
  <testcase classname="testng.demo.dependsdemo" name="applyleave" time="0.016"/>
</testsuite> <!-- testng.demo.dependsdemo -->
