<?xml version="1.0" encoding="UTF-8"?>
<!-- Generated by org.testng.reporters.JUnitReportReporter -->
<testsuite hostname="FBL-007L3305859" failures="0" tests="2" name="annotationDemo.annotationDemo" time="0.012" errors="0" timestamp="2025-01-10T19:21:26 IST" skipped="0">
  <testcase classname="annotationDemo.annotationDemo" name="login" time="0.010"/>
  <testcase classname="annotationDemo.annotationDemo" name="logout" time="0.002"/>
</testsuite> <!-- annotationDemo.annotationDemo -->
