<?xml version="1.0" encoding="UTF-8"?>
<!-- Generated by org.testng.reporters.JUnitReportReporter -->
<testsuite hostname="FBL-007L3305859" failures="0" tests="3" name="testng.demo.xmlfile" time="21.375" errors="0" timestamp="2025-01-12T20:32:50 IST" skipped="1">
  <testcase classname="testng.demo.xmlfile" name="loginToApplication" time="18.405"/>
  <testcase classname="testng.demo.xmlfile" name="searchLeave" time="2.970"/>
  <testcase classname="testng.demo.xmlfile" name="logout">
    <skipped/>
  </testcase> <!-- logout -->
</testsuite> <!-- testng.demo.xmlfile -->
